{"C:\\Users\\Will\\Desktop\\Projetos\\gostack11\\bootcamp11-rocketseat\\Nivel05\\finalizando-gobarber-app-CTestes\\src\\components\\Button\\index.tsx": {"path":"C:\\Users\\Will\\Desktop\\Projetos\\gostack11\\bootcamp11-rocketseat\\Nivel05\\finalizando-gobarber-app-CTestes\\src\\components\\Button\\index.tsx","statementMap":{"0":{"start":{"line":17,"column":38},"end":{"line":21,"column":1}},"1":{"start":{"line":18,"column":2},"end":{"line":20,"column":14}}},"fnMap":{"0":{"name":"(anonymous_0)","decl":{"start":{"line":17,"column":38},"end":{"line":17,"column":39}},"loc":{"start":{"line":18,"column":2},"end":{"line":20,"column":14}},"line":18}},"branchMap":{},"s":{"0":1,"1":1},"f":{"0":1},"b":{},"_coverageSchema":"43e27e138ebf9cfc5966b082cf9a028302ed4184","hash":"5d6f8ffc5efc2b4a59baf34fa8c61720b96c4895"}
,"C:\\Users\\Will\\Desktop\\Projetos\\gostack11\\bootcamp11-rocketseat\\Nivel05\\finalizando-gobarber-app-CTestes\\src\\components\\Input\\index.tsx": {"path":"C:\\Users\\Will\\Desktop\\Projetos\\gostack11\\bootcamp11-rocketseat\\Nivel05\\finalizando-gobarber-app-CTestes\\src\\components\\Input\\index.tsx","statementMap":{"0":{"start":{"line":34,"column":66},"end":{"line":113,"column":1}},"1":{"start":{"line":38,"column":26},"end":{"line":38,"column":43}},"2":{"start":{"line":40,"column":65},"end":{"line":40,"column":79}},"3":{"start":{"line":41,"column":24},"end":{"line":41,"column":76}},"4":{"start":{"line":44,"column":36},"end":{"line":44,"column":51}},"5":{"start":{"line":45,"column":34},"end":{"line":45,"column":49}},"6":{"start":{"line":47,"column":27},"end":{"line":49,"column":8}},"7":{"start":{"line":48,"column":4},"end":{"line":48,"column":23}},"8":{"start":{"line":51,"column":26},"end":{"line":59,"column":8}},"9":{"start":{"line":52,"column":4},"end":{"line":52,"column":24}},"10":{"start":{"line":54,"column":4},"end":{"line":58,"column":5}},"11":{"start":{"line":55,"column":6},"end":{"line":55,"column":24}},"12":{"start":{"line":57,"column":6},"end":{"line":57,"column":25}},"13":{"start":{"line":62,"column":2},"end":{"line":66,"column":6}},"14":{"start":{"line":62,"column":34},"end":{"line":66,"column":3}},"15":{"start":{"line":64,"column":6},"end":{"line":64,"column":38}},"16":{"start":{"line":72,"column":2},"end":{"line":89,"column":33}},"17":{"start":{"line":73,"column":4},"end":{"line":88,"column":7}},"18":{"start":{"line":79,"column":8},"end":{"line":79,"column":44}},"19":{"start":{"line":80,"column":8},"end":{"line":80,"column":64}},"20":{"start":{"line":85,"column":8},"end":{"line":85,"column":41}},"21":{"start":{"line":86,"column":8},"end":{"line":86,"column":40}},"22":{"start":{"line":92,"column":2},"end":{"line":112,"column":4}},"23":{"start":{"line":107,"column":10},"end":{"line":107,"column":46}}},"fnMap":{"0":{"name":"(anonymous_0)","decl":{"start":{"line":34,"column":66},"end":{"line":34,"column":67}},"loc":{"start":{"line":37,"column":5},"end":{"line":113,"column":1}},"line":37},"1":{"name":"(anonymous_1)","decl":{"start":{"line":47,"column":39},"end":{"line":47,"column":40}},"loc":{"start":{"line":47,"column":45},"end":{"line":49,"column":3}},"line":47},"2":{"name":"(anonymous_2)","decl":{"start":{"line":51,"column":38},"end":{"line":51,"column":39}},"loc":{"start":{"line":51,"column":44},"end":{"line":59,"column":3}},"line":51},"3":{"name":"(anonymous_3)","decl":{"start":{"line":62,"column":27},"end":{"line":62,"column":28}},"loc":{"start":{"line":62,"column":34},"end":{"line":66,"column":3}},"line":62},"4":{"name":"(anonymous_4)","decl":{"start":{"line":63,"column":4},"end":{"line":63,"column":5}},"loc":{"start":{"line":63,"column":12},"end":{"line":65,"column":5}},"line":63},"5":{"name":"(anonymous_5)","decl":{"start":{"line":72,"column":12},"end":{"line":72,"column":13}},"loc":{"start":{"line":72,"column":18},"end":{"line":89,"column":3}},"line":72},"6":{"name":"(anonymous_6)","decl":{"start":{"line":77,"column":6},"end":{"line":77,"column":7}},"loc":{"start":{"line":77,"column":40},"end":{"line":82,"column":7}},"line":77},"7":{"name":"(anonymous_7)","decl":{"start":{"line":84,"column":6},"end":{"line":84,"column":7}},"loc":{"start":{"line":84,"column":19},"end":{"line":87,"column":7}},"line":84},"8":{"name":"(anonymous_8)","decl":{"start":{"line":106,"column":22},"end":{"line":106,"column":23}},"loc":{"start":{"line":106,"column":33},"end":{"line":108,"column":9}},"line":106}},"branchMap":{"0":{"loc":{"start":{"line":35,"column":16},"end":{"line":35,"column":35}},"type":"default-arg","locations":[{"start":{"line":35,"column":33},"end":{"line":35,"column":35}}],"line":35},"1":{"loc":{"start":{"line":40,"column":25},"end":{"line":40,"column":42}},"type":"default-arg","locations":[{"start":{"line":40,"column":40},"end":{"line":40,"column":42}}],"line":40},"2":{"loc":{"start":{"line":54,"column":4},"end":{"line":58,"column":5}},"type":"if","locations":[{"start":{"line":54,"column":4},"end":{"line":58,"column":5}},{"start":{"line":54,"column":4},"end":{"line":58,"column":5}}],"line":54},"3":{"loc":{"start":{"line":97,"column":15},"end":{"line":97,"column":60}},"type":"cond-expr","locations":[{"start":{"line":97,"column":39},"end":{"line":97,"column":48}},{"start":{"line":97,"column":51},"end":{"line":97,"column":60}}],"line":97},"4":{"loc":{"start":{"line":97,"column":15},"end":{"line":97,"column":36}},"type":"binary-expr","locations":[{"start":{"line":97,"column":15},"end":{"line":97,"column":24}},{"start":{"line":97,"column":28},"end":{"line":97,"column":36}}],"line":97}},"s":{"0":1,"1":2,"2":2,"3":2,"4":2,"5":2,"6":2,"7":0,"8":2,"9":0,"10":0,"11":0,"12":0,"13":2,"14":1,"15":0,"16":2,"17":2,"18":0,"19":0,"20":0,"21":0,"22":2,"23":0},"f":{"0":2,"1":0,"2":0,"3":1,"4":0,"5":2,"6":0,"7":0,"8":0},"b":{"0":[2],"1":[2],"2":[0,0],"3":[0,2],"4":[2,2]},"_coverageSchema":"43e27e138ebf9cfc5966b082cf9a028302ed4184","hash":"9f8cf41d7cf2bcb83bea24df653ef75efe8053a5"}
,"C:\\Users\\Will\\Desktop\\Projetos\\gostack11\\bootcamp11-rocketseat\\Nivel05\\finalizando-gobarber-app-CTestes\\src\\hooks\\auth.tsx": {"path":"C:\\Users\\Will\\Desktop\\Projetos\\gostack11\\bootcamp11-rocketseat\\Nivel05\\finalizando-gobarber-app-CTestes\\src\\hooks\\auth.tsx","statementMap":{"0":{"start":{"line":39,"column":20},"end":{"line":39,"column":73}},"1":{"start":{"line":43,"column":38},"end":{"line":130,"column":1}},"2":{"start":{"line":46,"column":26},"end":{"line":46,"column":62}},"3":{"start":{"line":48,"column":32},"end":{"line":48,"column":46}},"4":{"start":{"line":52,"column":2},"end":{"line":73,"column":9}},"5":{"start":{"line":58,"column":28},"end":{"line":61,"column":8}},"6":{"start":{"line":63,"column":6},"end":{"line":68,"column":7}},"7":{"start":{"line":65,"column":8},"end":{"line":65,"column":66}},"8":{"start":{"line":67,"column":8},"end":{"line":67,"column":64}},"9":{"start":{"line":70,"column":6},"end":{"line":70,"column":24}},"10":{"start":{"line":72,"column":4},"end":{"line":72,"column":23}},"11":{"start":{"line":77,"column":17},"end":{"line":97,"column":8}},"12":{"start":{"line":78,"column":21},"end":{"line":81,"column":6}},"13":{"start":{"line":84,"column":28},"end":{"line":84,"column":41}},"14":{"start":{"line":87,"column":4},"end":{"line":90,"column":7}},"15":{"start":{"line":92,"column":4},"end":{"line":92,"column":59}},"16":{"start":{"line":96,"column":4},"end":{"line":96,"column":29}},"17":{"start":{"line":99,"column":18},"end":{"line":107,"column":8}},"18":{"start":{"line":102,"column":4},"end":{"line":102,"column":74}},"19":{"start":{"line":106,"column":4},"end":{"line":106,"column":29}},"20":{"start":{"line":109,"column":21},"end":{"line":119,"column":3}},"21":{"start":{"line":111,"column":6},"end":{"line":111,"column":73}},"22":{"start":{"line":113,"column":6},"end":{"line":116,"column":9}},"23":{"start":{"line":121,"column":2},"end":{"line":127,"column":4}},"24":{"start":{"line":134,"column":18},"end":{"line":134,"column":41}},"25":{"start":{"line":139,"column":2},"end":{"line":141,"column":3}},"26":{"start":{"line":140,"column":4},"end":{"line":140,"column":66}},"27":{"start":{"line":142,"column":2},"end":{"line":142,"column":17}}},"fnMap":{"0":{"name":"(anonymous_0)","decl":{"start":{"line":43,"column":38},"end":{"line":43,"column":39}},"loc":{"start":{"line":43,"column":56},"end":{"line":130,"column":1}},"line":43},"1":{"name":"(anonymous_1)","decl":{"start":{"line":52,"column":12},"end":{"line":52,"column":13}},"loc":{"start":{"line":52,"column":18},"end":{"line":73,"column":3}},"line":52},"2":{"name":"loadStoragedData","decl":{"start":{"line":54,"column":19},"end":{"line":54,"column":35}},"loc":{"start":{"line":54,"column":53},"end":{"line":71,"column":5}},"line":54},"3":{"name":"(anonymous_3)","decl":{"start":{"line":77,"column":29},"end":{"line":77,"column":30}},"loc":{"start":{"line":77,"column":60},"end":{"line":97,"column":3}},"line":77},"4":{"name":"(anonymous_4)","decl":{"start":{"line":99,"column":30},"end":{"line":99,"column":31}},"loc":{"start":{"line":99,"column":42},"end":{"line":107,"column":3}},"line":99},"5":{"name":"(anonymous_5)","decl":{"start":{"line":110,"column":4},"end":{"line":110,"column":5}},"loc":{"start":{"line":110,"column":26},"end":{"line":117,"column":5}},"line":110},"6":{"name":"useAuth","decl":{"start":{"line":133,"column":16},"end":{"line":133,"column":23}},"loc":{"start":{"line":133,"column":43},"end":{"line":143,"column":1}},"line":133}},"branchMap":{"0":{"loc":{"start":{"line":63,"column":6},"end":{"line":68,"column":7}},"type":"if","locations":[{"start":{"line":63,"column":6},"end":{"line":68,"column":7}},{"start":{"line":63,"column":6},"end":{"line":68,"column":7}}],"line":63},"1":{"loc":{"start":{"line":63,"column":10},"end":{"line":63,"column":29}},"type":"binary-expr","locations":[{"start":{"line":63,"column":10},"end":{"line":63,"column":18}},{"start":{"line":63,"column":22},"end":{"line":63,"column":29}}],"line":63},"2":{"loc":{"start":{"line":139,"column":2},"end":{"line":141,"column":3}},"type":"if","locations":[{"start":{"line":139,"column":2},"end":{"line":141,"column":3}},{"start":{"line":139,"column":2},"end":{"line":141,"column":3}}],"line":139}},"s":{"0":1,"1":1,"2":0,"3":0,"4":0,"5":0,"6":0,"7":0,"8":0,"9":0,"10":0,"11":0,"12":0,"13":0,"14":0,"15":0,"16":0,"17":0,"18":0,"19":0,"20":0,"21":0,"22":0,"23":0,"24":1,"25":1,"26":0,"27":1},"f":{"0":0,"1":0,"2":0,"3":0,"4":0,"5":0,"6":1},"b":{"0":[0,0],"1":[0,0],"2":[0,1]},"_coverageSchema":"43e27e138ebf9cfc5966b082cf9a028302ed4184","hash":"c509137696e55e378491bdc0b5b8117607b8f5f8"}
,"C:\\Users\\Will\\Desktop\\Projetos\\gostack11\\bootcamp11-rocketseat\\Nivel05\\finalizando-gobarber-app-CTestes\\src\\pages\\AppointmentCreated\\index.tsx": {"path":"C:\\Users\\Will\\Desktop\\Projetos\\gostack11\\bootcamp11-rocketseat\\Nivel05\\finalizando-gobarber-app-CTestes\\src\\pages\\AppointmentCreated\\index.tsx","statementMap":{"0":{"start":{"line":19,"column":37},"end":{"line":59,"column":1}},"1":{"start":{"line":21,"column":20},"end":{"line":21,"column":35}},"2":{"start":{"line":24,"column":21},"end":{"line":24,"column":31}},"3":{"start":{"line":27,"column":22},"end":{"line":27,"column":43}},"4":{"start":{"line":29,"column":26},"end":{"line":36,"column":13}},"5":{"start":{"line":31,"column":4},"end":{"line":35,"column":7}},"6":{"start":{"line":39,"column":24},"end":{"line":45,"column":24}},"7":{"start":{"line":40,"column":4},"end":{"line":44,"column":6}},"8":{"start":{"line":47,"column":2},"end":{"line":58,"column":4}}},"fnMap":{"0":{"name":"(anonymous_0)","decl":{"start":{"line":19,"column":37},"end":{"line":19,"column":38}},"loc":{"start":{"line":19,"column":43},"end":{"line":59,"column":1}},"line":19},"1":{"name":"(anonymous_1)","decl":{"start":{"line":29,"column":38},"end":{"line":29,"column":39}},"loc":{"start":{"line":29,"column":44},"end":{"line":36,"column":3}},"line":29},"2":{"name":"(anonymous_2)","decl":{"start":{"line":39,"column":32},"end":{"line":39,"column":33}},"loc":{"start":{"line":39,"column":38},"end":{"line":45,"column":3}},"line":39}},"branchMap":{},"s":{"0":0,"1":0,"2":0,"3":0,"4":0,"5":0,"6":0,"7":0,"8":0},"f":{"0":0,"1":0,"2":0},"b":{},"hash":"319c8e234e12f94d9a9d5374d2b37ea4e76c761a"}
,"C:\\Users\\Will\\Desktop\\Projetos\\gostack11\\bootcamp11-rocketseat\\Nivel05\\finalizando-gobarber-app-CTestes\\src\\pages\\CreateAppointment\\index.tsx": {"path":"C:\\Users\\Will\\Desktop\\Projetos\\gostack11\\bootcamp11-rocketseat\\Nivel05\\finalizando-gobarber-app-CTestes\\src\\pages\\CreateAppointment\\index.tsx","statementMap":{"0":{"start":{"line":51,"column":36},"end":{"line":287,"column":1}},"1":{"start":{"line":52,"column":19},"end":{"line":52,"column":28}},"2":{"start":{"line":54,"column":16},"end":{"line":54,"column":26}},"3":{"start":{"line":55,"column":31},"end":{"line":55,"column":46}},"4":{"start":{"line":58,"column":22},"end":{"line":58,"column":49}},"5":{"start":{"line":60,"column":42},"end":{"line":60,"column":74}},"6":{"start":{"line":62,"column":46},"end":{"line":62,"column":61}},"7":{"start":{"line":65,"column":42},"end":{"line":65,"column":62}},"8":{"start":{"line":68,"column":42},"end":{"line":68,"column":53}},"9":{"start":{"line":70,"column":36},"end":{"line":70,"column":60}},"10":{"start":{"line":72,"column":50},"end":{"line":74,"column":3}},"11":{"start":{"line":76,"column":2},"end":{"line":81,"column":9}},"12":{"start":{"line":78,"column":4},"end":{"line":80,"column":7}},"13":{"start":{"line":79,"column":6},"end":{"line":79,"column":34}},"14":{"start":{"line":83,"column":2},"end":{"line":95,"column":39}},"15":{"start":{"line":84,"column":4},"end":{"line":94,"column":9}},"16":{"start":{"line":93,"column":8},"end":{"line":93,"column":39}},"17":{"start":{"line":97,"column":23},"end":{"line":99,"column":14}},"18":{"start":{"line":98,"column":4},"end":{"line":98,"column":13}},"19":{"start":{"line":102,"column":33},"end":{"line":104,"column":8}},"20":{"start":{"line":103,"column":4},"end":{"line":103,"column":36}},"21":{"start":{"line":107,"column":33},"end":{"line":110,"column":8}},"22":{"start":{"line":109,"column":4},"end":{"line":109,"column":41}},"23":{"start":{"line":109,"column":33},"end":{"line":109,"column":39}},"24":{"start":{"line":113,"column":28},"end":{"line":124,"column":3}},"25":{"start":{"line":115,"column":6},"end":{"line":117,"column":7}},"26":{"start":{"line":116,"column":8},"end":{"line":116,"column":33}},"27":{"start":{"line":118,"column":6},"end":{"line":121,"column":7}},"28":{"start":{"line":120,"column":8},"end":{"line":120,"column":30}},"29":{"start":{"line":127,"column":34},"end":{"line":150,"column":62}},"30":{"start":{"line":128,"column":4},"end":{"line":149,"column":5}},"31":{"start":{"line":130,"column":19},"end":{"line":130,"column":41}},"32":{"start":{"line":133,"column":6},"end":{"line":133,"column":34}},"33":{"start":{"line":134,"column":6},"end":{"line":134,"column":25}},"34":{"start":{"line":137,"column":6},"end":{"line":140,"column":9}},"35":{"start":{"line":141,"column":6},"end":{"line":141,"column":28}},"36":{"start":{"line":143,"column":6},"end":{"line":143,"column":63}},"37":{"start":{"line":145,"column":6},"end":{"line":148,"column":8}},"38":{"start":{"line":153,"column":30},"end":{"line":163,"column":20}},"39":{"start":{"line":154,"column":4},"end":{"line":162,"column":9}},"40":{"start":{"line":155,"column":28},"end":{"line":155,"column":37}},"41":{"start":{"line":157,"column":8},"end":{"line":161,"column":10}},"42":{"start":{"line":166,"column":32},"end":{"line":176,"column":20}},"43":{"start":{"line":167,"column":4},"end":{"line":175,"column":9}},"44":{"start":{"line":168,"column":28},"end":{"line":168,"column":38}},"45":{"start":{"line":170,"column":8},"end":{"line":174,"column":10}},"46":{"start":{"line":178,"column":27},"end":{"line":180,"column":8}},"47":{"start":{"line":179,"column":4},"end":{"line":179,"column":26}},"48":{"start":{"line":182,"column":2},"end":{"line":286,"column":4}},"49":{"start":{"line":200,"column":40},"end":{"line":200,"column":51}},"50":{"start":{"line":202,"column":14},"end":{"line":210,"column":34}},"51":{"start":{"line":203,"column":31},"end":{"line":203,"column":66}},"52":{"start":{"line":243,"column":16},"end":{"line":253,"column":23}},"53":{"start":{"line":248,"column":33},"end":{"line":248,"column":55}},"54":{"start":{"line":264,"column":18},"end":{"line":274,"column":25}},"55":{"start":{"line":269,"column":35},"end":{"line":269,"column":57}}},"fnMap":{"0":{"name":"(anonymous_0)","decl":{"start":{"line":51,"column":36},"end":{"line":51,"column":37}},"loc":{"start":{"line":51,"column":42},"end":{"line":287,"column":1}},"line":51},"1":{"name":"(anonymous_1)","decl":{"start":{"line":76,"column":12},"end":{"line":76,"column":13}},"loc":{"start":{"line":76,"column":18},"end":{"line":81,"column":3}},"line":76},"2":{"name":"(anonymous_2)","decl":{"start":{"line":78,"column":30},"end":{"line":78,"column":31}},"loc":{"start":{"line":78,"column":44},"end":{"line":80,"column":5}},"line":78},"3":{"name":"(anonymous_3)","decl":{"start":{"line":83,"column":12},"end":{"line":83,"column":13}},"loc":{"start":{"line":83,"column":18},"end":{"line":95,"column":3}},"line":83},"4":{"name":"(anonymous_4)","decl":{"start":{"line":92,"column":12},"end":{"line":92,"column":13}},"loc":{"start":{"line":92,"column":26},"end":{"line":94,"column":7}},"line":92},"5":{"name":"(anonymous_5)","decl":{"start":{"line":97,"column":35},"end":{"line":97,"column":36}},"loc":{"start":{"line":97,"column":41},"end":{"line":99,"column":3}},"line":97},"6":{"name":"(anonymous_6)","decl":{"start":{"line":102,"column":45},"end":{"line":102,"column":46}},"loc":{"start":{"line":102,"column":69},"end":{"line":104,"column":3}},"line":102},"7":{"name":"(anonymous_7)","decl":{"start":{"line":107,"column":45},"end":{"line":107,"column":46}},"loc":{"start":{"line":107,"column":51},"end":{"line":110,"column":3}},"line":107},"8":{"name":"(anonymous_8)","decl":{"start":{"line":109,"column":22},"end":{"line":109,"column":23}},"loc":{"start":{"line":109,"column":33},"end":{"line":109,"column":39}},"line":109},"9":{"name":"(anonymous_9)","decl":{"start":{"line":114,"column":4},"end":{"line":114,"column":5}},"loc":{"start":{"line":114,"column":44},"end":{"line":122,"column":5}},"line":114},"10":{"name":"(anonymous_10)","decl":{"start":{"line":127,"column":46},"end":{"line":127,"column":47}},"loc":{"start":{"line":127,"column":58},"end":{"line":150,"column":3}},"line":127},"11":{"name":"(anonymous_11)","decl":{"start":{"line":153,"column":38},"end":{"line":153,"column":39}},"loc":{"start":{"line":153,"column":44},"end":{"line":163,"column":3}},"line":153},"12":{"name":"(anonymous_12)","decl":{"start":{"line":155,"column":14},"end":{"line":155,"column":15}},"loc":{"start":{"line":155,"column":28},"end":{"line":155,"column":37}},"line":155},"13":{"name":"(anonymous_13)","decl":{"start":{"line":156,"column":11},"end":{"line":156,"column":12}},"loc":{"start":{"line":156,"column":36},"end":{"line":162,"column":7}},"line":156},"14":{"name":"(anonymous_14)","decl":{"start":{"line":166,"column":40},"end":{"line":166,"column":41}},"loc":{"start":{"line":166,"column":46},"end":{"line":176,"column":3}},"line":166},"15":{"name":"(anonymous_15)","decl":{"start":{"line":168,"column":14},"end":{"line":168,"column":15}},"loc":{"start":{"line":168,"column":28},"end":{"line":168,"column":38}},"line":168},"16":{"name":"(anonymous_16)","decl":{"start":{"line":169,"column":11},"end":{"line":169,"column":12}},"loc":{"start":{"line":169,"column":36},"end":{"line":175,"column":7}},"line":169},"17":{"name":"(anonymous_17)","decl":{"start":{"line":178,"column":39},"end":{"line":178,"column":40}},"loc":{"start":{"line":178,"column":57},"end":{"line":180,"column":3}},"line":178},"18":{"name":"(anonymous_18)","decl":{"start":{"line":200,"column":26},"end":{"line":200,"column":27}},"loc":{"start":{"line":200,"column":40},"end":{"line":200,"column":51}},"line":200},"19":{"name":"(anonymous_19)","decl":{"start":{"line":201,"column":24},"end":{"line":201,"column":25}},"loc":{"start":{"line":202,"column":14},"end":{"line":210,"column":34}},"line":202},"20":{"name":"(anonymous_20)","decl":{"start":{"line":203,"column":25},"end":{"line":203,"column":26}},"loc":{"start":{"line":203,"column":31},"end":{"line":203,"column":66}},"line":203},"21":{"name":"(anonymous_21)","decl":{"start":{"line":242,"column":39},"end":{"line":242,"column":40}},"loc":{"start":{"line":243,"column":16},"end":{"line":253,"column":23}},"line":243},"22":{"name":"(anonymous_22)","decl":{"start":{"line":248,"column":27},"end":{"line":248,"column":28}},"loc":{"start":{"line":248,"column":33},"end":{"line":248,"column":55}},"line":248},"23":{"name":"(anonymous_23)","decl":{"start":{"line":263,"column":16},"end":{"line":263,"column":17}},"loc":{"start":{"line":264,"column":18},"end":{"line":274,"column":25}},"line":264},"24":{"name":"(anonymous_24)","decl":{"start":{"line":269,"column":29},"end":{"line":269,"column":30}},"loc":{"start":{"line":269,"column":35},"end":{"line":269,"column":57}},"line":269}},"branchMap":{"0":{"loc":{"start":{"line":115,"column":6},"end":{"line":117,"column":7}},"type":"if","locations":[{"start":{"line":115,"column":6},"end":{"line":117,"column":7}},{"start":{"line":115,"column":6},"end":{"line":117,"column":7}}],"line":115},"1":{"loc":{"start":{"line":118,"column":6},"end":{"line":121,"column":7}},"type":"if","locations":[{"start":{"line":118,"column":6},"end":{"line":121,"column":7}},{"start":{"line":118,"column":6},"end":{"line":121,"column":7}}],"line":118},"2":{"loc":{"start":{"line":225,"column":11},"end":{"line":233,"column":11}},"type":"binary-expr","locations":[{"start":{"line":225,"column":11},"end":{"line":225,"column":25}},{"start":{"line":226,"column":12},"end":{"line":232,"column":14}}],"line":225}},"s":{"0":0,"1":0,"2":0,"3":0,"4":0,"5":0,"6":0,"7":0,"8":0,"9":0,"10":0,"11":0,"12":0,"13":0,"14":0,"15":0,"16":0,"17":0,"18":0,"19":0,"20":0,"21":0,"22":0,"23":0,"24":0,"25":0,"26":0,"27":0,"28":0,"29":0,"30":0,"31":0,"32":0,"33":0,"34":0,"35":0,"36":0,"37":0,"38":0,"39":0,"40":0,"41":0,"42":0,"43":0,"44":0,"45":0,"46":0,"47":0,"48":0,"49":0,"50":0,"51":0,"52":0,"53":0,"54":0,"55":0},"f":{"0":0,"1":0,"2":0,"3":0,"4":0,"5":0,"6":0,"7":0,"8":0,"9":0,"10":0,"11":0,"12":0,"13":0,"14":0,"15":0,"16":0,"17":0,"18":0,"19":0,"20":0,"21":0,"22":0,"23":0,"24":0},"b":{"0":[0,0],"1":[0,0],"2":[0,0]},"hash":"4f4a63d1baeee436226a3f42bd5e0a1634b9d5b8"}
,"C:\\Users\\Will\\Desktop\\Projetos\\gostack11\\bootcamp11-rocketseat\\Nivel05\\finalizando-gobarber-app-CTestes\\src\\pages\\Dashboard\\index.tsx": {"path":"C:\\Users\\Will\\Desktop\\Projetos\\gostack11\\bootcamp11-rocketseat\\Nivel05\\finalizando-gobarber-app-CTestes\\src\\pages\\Dashboard\\index.tsx","statementMap":{"0":{"start":{"line":31,"column":28},"end":{"line":101,"column":1}},"1":{"start":{"line":32,"column":36},"end":{"line":32,"column":60}},"2":{"start":{"line":34,"column":28},"end":{"line":34,"column":37}},"3":{"start":{"line":35,"column":23},"end":{"line":35,"column":38}},"4":{"start":{"line":37,"column":2},"end":{"line":42,"column":9}},"5":{"start":{"line":39,"column":4},"end":{"line":41,"column":7}},"6":{"start":{"line":40,"column":6},"end":{"line":40,"column":34}},"7":{"start":{"line":44,"column":26},"end":{"line":48,"column":16}},"8":{"start":{"line":46,"column":4},"end":{"line":46,"column":24}},"9":{"start":{"line":50,"column":38},"end":{"line":56,"column":3}},"10":{"start":{"line":53,"column":6},"end":{"line":53,"column":52}},"11":{"start":{"line":58,"column":2},"end":{"line":100,"column":4}},"12":{"start":{"line":73,"column":36},"end":{"line":73,"column":47}},"13":{"start":{"line":78,"column":10},"end":{"line":96,"column":30}},"14":{"start":{"line":79,"column":27},"end":{"line":79,"column":67}}},"fnMap":{"0":{"name":"(anonymous_0)","decl":{"start":{"line":31,"column":28},"end":{"line":31,"column":29}},"loc":{"start":{"line":31,"column":34},"end":{"line":101,"column":1}},"line":31},"1":{"name":"(anonymous_1)","decl":{"start":{"line":37,"column":12},"end":{"line":37,"column":13}},"loc":{"start":{"line":37,"column":18},"end":{"line":42,"column":3}},"line":37},"2":{"name":"(anonymous_2)","decl":{"start":{"line":39,"column":30},"end":{"line":39,"column":31}},"loc":{"start":{"line":39,"column":44},"end":{"line":41,"column":5}},"line":39},"3":{"name":"(anonymous_3)","decl":{"start":{"line":44,"column":38},"end":{"line":44,"column":39}},"loc":{"start":{"line":44,"column":44},"end":{"line":48,"column":3}},"line":44},"4":{"name":"(anonymous_4)","decl":{"start":{"line":51,"column":4},"end":{"line":51,"column":5}},"loc":{"start":{"line":51,"column":28},"end":{"line":54,"column":5}},"line":51},"5":{"name":"(anonymous_5)","decl":{"start":{"line":73,"column":22},"end":{"line":73,"column":23}},"loc":{"start":{"line":73,"column":36},"end":{"line":73,"column":47}},"line":73},"6":{"name":"(anonymous_6)","decl":{"start":{"line":77,"column":20},"end":{"line":77,"column":21}},"loc":{"start":{"line":78,"column":10},"end":{"line":96,"column":30}},"line":78},"7":{"name":"(anonymous_7)","decl":{"start":{"line":79,"column":21},"end":{"line":79,"column":22}},"loc":{"start":{"line":79,"column":27},"end":{"line":79,"column":67}},"line":79}},"branchMap":{},"s":{"0":0,"1":0,"2":0,"3":0,"4":0,"5":0,"6":0,"7":0,"8":0,"9":0,"10":0,"11":0,"12":0,"13":0,"14":0},"f":{"0":0,"1":0,"2":0,"3":0,"4":0,"5":0,"6":0,"7":0},"b":{},"hash":"d629d538842453a830ee6ff5525777b8d76eb2c8"}
,"C:\\Users\\Will\\Desktop\\Projetos\\gostack11\\bootcamp11-rocketseat\\Nivel05\\finalizando-gobarber-app-CTestes\\src\\pages\\Profile\\index.tsx": {"path":"C:\\Users\\Will\\Desktop\\Projetos\\gostack11\\bootcamp11-rocketseat\\Nivel05\\finalizando-gobarber-app-CTestes\\src\\pages\\Profile\\index.tsx","statementMap":{"0":{"start":{"line":30,"column":26},"end":{"line":253,"column":1}},"1":{"start":{"line":31,"column":31},"end":{"line":31,"column":40}},"2":{"start":{"line":39,"column":21},"end":{"line":39,"column":36}},"3":{"start":{"line":43,"column":18},"end":{"line":43,"column":43}},"4":{"start":{"line":45,"column":24},"end":{"line":45,"column":47}},"5":{"start":{"line":46,"column":30},"end":{"line":46,"column":53}},"6":{"start":{"line":47,"column":27},"end":{"line":47,"column":50}},"7":{"start":{"line":48,"column":34},"end":{"line":48,"column":57}},"8":{"start":{"line":51,"column":23},"end":{"line":124,"column":3}},"9":{"start":{"line":53,"column":6},"end":{"line":121,"column":7}},"10":{"start":{"line":55,"column":8},"end":{"line":55,"column":39}},"11":{"start":{"line":58,"column":23},"end":{"line":76,"column":10}},"12":{"start":{"line":65,"column":25},"end":{"line":65,"column":37}},"13":{"start":{"line":71,"column":27},"end":{"line":71,"column":39}},"14":{"start":{"line":79,"column":8},"end":{"line":79,"column":59}},"15":{"start":{"line":87,"column":12},"end":{"line":87,"column":16}},"16":{"start":{"line":89,"column":25},"end":{"line":99,"column":9}},"17":{"start":{"line":101,"column":8},"end":{"line":101,"column":26}},"18":{"start":{"line":103,"column":25},"end":{"line":103,"column":60}},"19":{"start":{"line":105,"column":8},"end":{"line":105,"column":34}},"20":{"start":{"line":107,"column":8},"end":{"line":107,"column":54}},"21":{"start":{"line":109,"column":8},"end":{"line":109,"column":28}},"22":{"start":{"line":112,"column":8},"end":{"line":116,"column":9}},"23":{"start":{"line":113,"column":25},"end":{"line":113,"column":49}},"24":{"start":{"line":114,"column":10},"end":{"line":114,"column":45}},"25":{"start":{"line":115,"column":10},"end":{"line":115,"column":17}},"26":{"start":{"line":117,"column":8},"end":{"line":120,"column":10}},"27":{"start":{"line":126,"column":29},"end":{"line":160,"column":27}},"28":{"start":{"line":127,"column":4},"end":{"line":159,"column":6}},"29":{"start":{"line":135,"column":8},"end":{"line":137,"column":9}},"30":{"start":{"line":136,"column":10},"end":{"line":136,"column":17}},"31":{"start":{"line":138,"column":8},"end":{"line":142,"column":9}},"32":{"start":{"line":139,"column":10},"end":{"line":139,"column":38}},"33":{"start":{"line":140,"column":10},"end":{"line":140,"column":55}},"34":{"start":{"line":141,"column":10},"end":{"line":141,"column":17}},"35":{"start":{"line":143,"column":23},"end":{"line":143,"column":44}},"36":{"start":{"line":145,"column":21},"end":{"line":145,"column":35}},"37":{"start":{"line":147,"column":8},"end":{"line":151,"column":11}},"38":{"start":{"line":152,"column":8},"end":{"line":157,"column":48}},"39":{"start":{"line":155,"column":12},"end":{"line":155,"column":41}},"40":{"start":{"line":157,"column":28},"end":{"line":157,"column":46}},"41":{"start":{"line":162,"column":23},"end":{"line":164,"column":18}},"42":{"start":{"line":163,"column":4},"end":{"line":163,"column":24}},"43":{"start":{"line":166,"column":2},"end":{"line":252,"column":4}},"44":{"start":{"line":194,"column":16},"end":{"line":194,"column":47}},"45":{"start":{"line":208,"column":16},"end":{"line":208,"column":53}},"46":{"start":{"line":220,"column":37},"end":{"line":220,"column":70}},"47":{"start":{"line":231,"column":37},"end":{"line":231,"column":77}},"48":{"start":{"line":242,"column":37},"end":{"line":242,"column":66}},"49":{"start":{"line":245,"column":35},"end":{"line":245,"column":64}}},"fnMap":{"0":{"name":"(anonymous_0)","decl":{"start":{"line":30,"column":26},"end":{"line":30,"column":27}},"loc":{"start":{"line":30,"column":32},"end":{"line":253,"column":1}},"line":30},"1":{"name":"(anonymous_1)","decl":{"start":{"line":52,"column":4},"end":{"line":52,"column":5}},"loc":{"start":{"line":52,"column":37},"end":{"line":122,"column":5}},"line":52},"2":{"name":"(anonymous_2)","decl":{"start":{"line":65,"column":16},"end":{"line":65,"column":17}},"loc":{"start":{"line":65,"column":25},"end":{"line":65,"column":37}},"line":65},"3":{"name":"(anonymous_3)","decl":{"start":{"line":71,"column":18},"end":{"line":71,"column":19}},"loc":{"start":{"line":71,"column":27},"end":{"line":71,"column":39}},"line":71},"4":{"name":"(anonymous_4)","decl":{"start":{"line":126,"column":41},"end":{"line":126,"column":42}},"loc":{"start":{"line":126,"column":47},"end":{"line":160,"column":3}},"line":126},"5":{"name":"(anonymous_5)","decl":{"start":{"line":134,"column":6},"end":{"line":134,"column":7}},"loc":{"start":{"line":134,"column":20},"end":{"line":158,"column":7}},"line":134},"6":{"name":"(anonymous_6)","decl":{"start":{"line":154,"column":16},"end":{"line":154,"column":17}},"loc":{"start":{"line":154,"column":33},"end":{"line":156,"column":11}},"line":154},"7":{"name":"(anonymous_7)","decl":{"start":{"line":157,"column":17},"end":{"line":157,"column":18}},"loc":{"start":{"line":157,"column":28},"end":{"line":157,"column":46}},"line":157},"8":{"name":"(anonymous_8)","decl":{"start":{"line":162,"column":35},"end":{"line":162,"column":36}},"loc":{"start":{"line":162,"column":41},"end":{"line":164,"column":3}},"line":162},"9":{"name":"(anonymous_9)","decl":{"start":{"line":192,"column":31},"end":{"line":192,"column":32}},"loc":{"start":{"line":192,"column":37},"end":{"line":195,"column":15}},"line":192},"10":{"name":"(anonymous_10)","decl":{"start":{"line":206,"column":31},"end":{"line":206,"column":32}},"loc":{"start":{"line":206,"column":37},"end":{"line":209,"column":15}},"line":206},"11":{"name":"(anonymous_11)","decl":{"start":{"line":220,"column":31},"end":{"line":220,"column":32}},"loc":{"start":{"line":220,"column":37},"end":{"line":220,"column":70}},"line":220},"12":{"name":"(anonymous_12)","decl":{"start":{"line":231,"column":31},"end":{"line":231,"column":32}},"loc":{"start":{"line":231,"column":37},"end":{"line":231,"column":77}},"line":231},"13":{"name":"(anonymous_13)","decl":{"start":{"line":242,"column":31},"end":{"line":242,"column":32}},"loc":{"start":{"line":242,"column":37},"end":{"line":242,"column":66}},"line":242},"14":{"name":"(anonymous_14)","decl":{"start":{"line":245,"column":29},"end":{"line":245,"column":30}},"loc":{"start":{"line":245,"column":35},"end":{"line":245,"column":64}},"line":245}},"branchMap":{"0":{"loc":{"start":{"line":92,"column":14},"end":{"line":98,"column":16}},"type":"cond-expr","locations":[{"start":{"line":93,"column":14},"end":{"line":97,"column":15}},{"start":{"line":98,"column":14},"end":{"line":98,"column":16}}],"line":92},"1":{"loc":{"start":{"line":112,"column":8},"end":{"line":116,"column":9}},"type":"if","locations":[{"start":{"line":112,"column":8},"end":{"line":116,"column":9}},{"start":{"line":112,"column":8},"end":{"line":116,"column":9}}],"line":112},"2":{"loc":{"start":{"line":135,"column":8},"end":{"line":137,"column":9}},"type":"if","locations":[{"start":{"line":135,"column":8},"end":{"line":137,"column":9}},{"start":{"line":135,"column":8},"end":{"line":137,"column":9}}],"line":135},"3":{"loc":{"start":{"line":138,"column":8},"end":{"line":142,"column":9}},"type":"if","locations":[{"start":{"line":138,"column":8},"end":{"line":142,"column":9}},{"start":{"line":138,"column":8},"end":{"line":142,"column":9}}],"line":138}},"s":{"0":0,"1":0,"2":0,"3":0,"4":0,"5":0,"6":0,"7":0,"8":0,"9":0,"10":0,"11":0,"12":0,"13":0,"14":0,"15":0,"16":0,"17":0,"18":0,"19":0,"20":0,"21":0,"22":0,"23":0,"24":0,"25":0,"26":0,"27":0,"28":0,"29":0,"30":0,"31":0,"32":0,"33":0,"34":0,"35":0,"36":0,"37":0,"38":0,"39":0,"40":0,"41":0,"42":0,"43":0,"44":0,"45":0,"46":0,"47":0,"48":0,"49":0},"f":{"0":0,"1":0,"2":0,"3":0,"4":0,"5":0,"6":0,"7":0,"8":0,"9":0,"10":0,"11":0,"12":0,"13":0,"14":0},"b":{"0":[0,0],"1":[0,0],"2":[0,0],"3":[0,0]},"hash":"df905a86dc263cd1a18642364b50731773f46cce"}
,"C:\\Users\\Will\\Desktop\\Projetos\\gostack11\\bootcamp11-rocketseat\\Nivel05\\finalizando-gobarber-app-CTestes\\src\\pages\\SignIn\\index.tsx": {"path":"C:\\Users\\Will\\Desktop\\Projetos\\gostack11\\bootcamp11-rocketseat\\Nivel05\\finalizando-gobarber-app-CTestes\\src\\pages\\SignIn\\index.tsx","statementMap":{"0":{"start":{"line":35,"column":25},"end":{"line":159,"column":1}},"1":{"start":{"line":42,"column":21},"end":{"line":42,"column":36}},"2":{"start":{"line":45,"column":18},"end":{"line":45,"column":43}},"3":{"start":{"line":47,"column":27},"end":{"line":47,"column":50}},"4":{"start":{"line":49,"column":27},"end":{"line":49,"column":36}},"5":{"start":{"line":50,"column":2},"end":{"line":50,"column":20}},"6":{"start":{"line":53,"column":23},"end":{"line":86,"column":8}},"7":{"start":{"line":54,"column":4},"end":{"line":85,"column":5}},"8":{"start":{"line":56,"column":6},"end":{"line":56,"column":37}},"9":{"start":{"line":59,"column":21},"end":{"line":64,"column":8}},"10":{"start":{"line":66,"column":6},"end":{"line":66,"column":57}},"11":{"start":{"line":68,"column":6},"end":{"line":71,"column":9}},"12":{"start":{"line":74,"column":6},"end":{"line":78,"column":7}},"13":{"start":{"line":75,"column":23},"end":{"line":75,"column":47}},"14":{"start":{"line":76,"column":8},"end":{"line":76,"column":43}},"15":{"start":{"line":77,"column":8},"end":{"line":77,"column":15}},"16":{"start":{"line":81,"column":6},"end":{"line":84,"column":8}},"17":{"start":{"line":88,"column":2},"end":{"line":158,"column":4}},"18":{"start":{"line":117,"column":18},"end":{"line":117,"column":52}},"19":{"start":{"line":129,"column":18},"end":{"line":129,"column":48}},"20":{"start":{"line":135,"column":18},"end":{"line":135,"column":48}},"21":{"start":{"line":144,"column":16},"end":{"line":144,"column":37}},"22":{"start":{"line":153,"column":42},"end":{"line":153,"column":71}}},"fnMap":{"0":{"name":"(anonymous_0)","decl":{"start":{"line":35,"column":25},"end":{"line":35,"column":26}},"loc":{"start":{"line":35,"column":31},"end":{"line":159,"column":1}},"line":35},"1":{"name":"(anonymous_1)","decl":{"start":{"line":53,"column":35},"end":{"line":53,"column":36}},"loc":{"start":{"line":53,"column":67},"end":{"line":86,"column":3}},"line":53},"2":{"name":"(anonymous_2)","decl":{"start":{"line":115,"column":33},"end":{"line":115,"column":34}},"loc":{"start":{"line":115,"column":39},"end":{"line":118,"column":17}},"line":115},"3":{"name":"(anonymous_3)","decl":{"start":{"line":127,"column":33},"end":{"line":127,"column":34}},"loc":{"start":{"line":127,"column":39},"end":{"line":130,"column":17}},"line":127},"4":{"name":"(anonymous_4)","decl":{"start":{"line":134,"column":25},"end":{"line":134,"column":26}},"loc":{"start":{"line":134,"column":31},"end":{"line":136,"column":17}},"line":134},"5":{"name":"(anonymous_5)","decl":{"start":{"line":143,"column":23},"end":{"line":143,"column":24}},"loc":{"start":{"line":143,"column":29},"end":{"line":145,"column":15}},"line":143},"6":{"name":"(anonymous_6)","decl":{"start":{"line":153,"column":36},"end":{"line":153,"column":37}},"loc":{"start":{"line":153,"column":42},"end":{"line":153,"column":71}},"line":153}},"branchMap":{"0":{"loc":{"start":{"line":74,"column":6},"end":{"line":78,"column":7}},"type":"if","locations":[{"start":{"line":74,"column":6},"end":{"line":78,"column":7}},{"start":{"line":74,"column":6},"end":{"line":78,"column":7}}],"line":74},"1":{"loc":{"start":{"line":92,"column":18},"end":{"line":92,"column":63}},"type":"cond-expr","locations":[{"start":{"line":92,"column":42},"end":{"line":92,"column":51}},{"start":{"line":92,"column":54},"end":{"line":92,"column":63}}],"line":92}},"s":{"0":1,"1":1,"2":1,"3":1,"4":1,"5":1,"6":1,"7":0,"8":0,"9":0,"10":0,"11":0,"12":0,"13":0,"14":0,"15":0,"16":0,"17":1,"18":0,"19":0,"20":0,"21":0,"22":0},"f":{"0":1,"1":0,"2":0,"3":0,"4":0,"5":0,"6":0},"b":{"0":[0,0],"1":[1,0]},"_coverageSchema":"43e27e138ebf9cfc5966b082cf9a028302ed4184","hash":"38f6ac63f2698136048fd63d297e20c6fdc33b38"}
,"C:\\Users\\Will\\Desktop\\Projetos\\gostack11\\bootcamp11-rocketseat\\Nivel05\\finalizando-gobarber-app-CTestes\\src\\pages\\SignUp\\index.tsx": {"path":"C:\\Users\\Will\\Desktop\\Projetos\\gostack11\\bootcamp11-rocketseat\\Nivel05\\finalizando-gobarber-app-CTestes\\src\\pages\\SignUp\\index.tsx","statementMap":{"0":{"start":{"line":29,"column":25},"end":{"line":156,"column":1}},"1":{"start":{"line":36,"column":21},"end":{"line":36,"column":36}},"2":{"start":{"line":40,"column":18},"end":{"line":40,"column":43}},"3":{"start":{"line":42,"column":24},"end":{"line":42,"column":47}},"4":{"start":{"line":43,"column":27},"end":{"line":43,"column":50}},"5":{"start":{"line":46,"column":23},"end":{"line":85,"column":3}},"6":{"start":{"line":48,"column":6},"end":{"line":82,"column":7}},"7":{"start":{"line":50,"column":8},"end":{"line":50,"column":39}},"8":{"start":{"line":53,"column":23},"end":{"line":59,"column":10}},"9":{"start":{"line":61,"column":8},"end":{"line":61,"column":59}},"10":{"start":{"line":63,"column":8},"end":{"line":63,"column":26}},"11":{"start":{"line":64,"column":8},"end":{"line":64,"column":39}},"12":{"start":{"line":65,"column":8},"end":{"line":68,"column":10}},"13":{"start":{"line":70,"column":8},"end":{"line":70,"column":28}},"14":{"start":{"line":73,"column":8},"end":{"line":77,"column":9}},"15":{"start":{"line":74,"column":25},"end":{"line":74,"column":49}},"16":{"start":{"line":75,"column":10},"end":{"line":75,"column":45}},"17":{"start":{"line":76,"column":10},"end":{"line":76,"column":17}},"18":{"start":{"line":78,"column":8},"end":{"line":81,"column":10}},"19":{"start":{"line":87,"column":2},"end":{"line":155,"column":4}},"20":{"start":{"line":114,"column":18},"end":{"line":114,"column":49}},"21":{"start":{"line":128,"column":18},"end":{"line":128,"column":52}},"22":{"start":{"line":139,"column":39},"end":{"line":139,"column":68}},"23":{"start":{"line":142,"column":37},"end":{"line":142,"column":66}},"24":{"start":{"line":150,"column":35},"end":{"line":150,"column":54}}},"fnMap":{"0":{"name":"(anonymous_0)","decl":{"start":{"line":29,"column":25},"end":{"line":29,"column":26}},"loc":{"start":{"line":29,"column":31},"end":{"line":156,"column":1}},"line":29},"1":{"name":"(anonymous_1)","decl":{"start":{"line":47,"column":4},"end":{"line":47,"column":5}},"loc":{"start":{"line":47,"column":36},"end":{"line":83,"column":5}},"line":47},"2":{"name":"(anonymous_2)","decl":{"start":{"line":112,"column":33},"end":{"line":112,"column":34}},"loc":{"start":{"line":112,"column":39},"end":{"line":115,"column":17}},"line":112},"3":{"name":"(anonymous_3)","decl":{"start":{"line":126,"column":33},"end":{"line":126,"column":34}},"loc":{"start":{"line":126,"column":39},"end":{"line":129,"column":17}},"line":126},"4":{"name":"(anonymous_4)","decl":{"start":{"line":139,"column":33},"end":{"line":139,"column":34}},"loc":{"start":{"line":139,"column":39},"end":{"line":139,"column":68}},"line":139},"5":{"name":"(anonymous_5)","decl":{"start":{"line":142,"column":31},"end":{"line":142,"column":32}},"loc":{"start":{"line":142,"column":37},"end":{"line":142,"column":66}},"line":142},"6":{"name":"(anonymous_6)","decl":{"start":{"line":150,"column":29},"end":{"line":150,"column":30}},"loc":{"start":{"line":150,"column":35},"end":{"line":150,"column":54}},"line":150}},"branchMap":{"0":{"loc":{"start":{"line":73,"column":8},"end":{"line":77,"column":9}},"type":"if","locations":[{"start":{"line":73,"column":8},"end":{"line":77,"column":9}},{"start":{"line":73,"column":8},"end":{"line":77,"column":9}}],"line":73},"1":{"loc":{"start":{"line":91,"column":18},"end":{"line":91,"column":63}},"type":"cond-expr","locations":[{"start":{"line":91,"column":42},"end":{"line":91,"column":51}},{"start":{"line":91,"column":54},"end":{"line":91,"column":63}}],"line":91}},"s":{"0":0,"1":0,"2":0,"3":0,"4":0,"5":0,"6":0,"7":0,"8":0,"9":0,"10":0,"11":0,"12":0,"13":0,"14":0,"15":0,"16":0,"17":0,"18":0,"19":0,"20":0,"21":0,"22":0,"23":0,"24":0},"f":{"0":0,"1":0,"2":0,"3":0,"4":0,"5":0,"6":0},"b":{"0":[0,0],"1":[0,0]},"hash":"a3fca91b16e99b38db044e8627e980642f6927f7"}
}
