TN:
SF:C:\Users\Will\Desktop\Projetos\gostack11\bootcamp11-rocketseat\Nivel05\finalizando-gobarber-app-CTestes\src\components\Button\index.tsx
FN:17,(anonymous_0)
FNF:1
FNH:1
FNDA:1,(anonymous_0)
DA:17,1
DA:18,1
LF:2
LH:2
BRF:0
BRH:0
end_of_record
TN:
SF:C:\Users\Will\Desktop\Projetos\gostack11\bootcamp11-rocketseat\Nivel05\finalizando-gobarber-app-CTestes\src\components\Input\index.tsx
FN:34,(anonymous_0)
FN:47,(anonymous_1)
FN:51,(anonymous_2)
FN:62,(anonymous_3)
FN:63,(anonymous_4)
FN:72,(anonymous_5)
FN:77,(anonymous_6)
FN:84,(anonymous_7)
FN:106,(anonymous_8)
FNF:9
FNH:3
FNDA:2,(anonymous_0)
FNDA:0,(anonymous_1)
FNDA:0,(anonymous_2)
FNDA:1,(anonymous_3)
FNDA:0,(anonymous_4)
FNDA:2,(anonymous_5)
FNDA:0,(anonymous_6)
FNDA:0,(anonymous_7)
FNDA:0,(anonymous_8)
DA:34,1
DA:38,2
DA:40,2
DA:41,2
DA:44,2
DA:45,2
DA:47,2
DA:48,0
DA:51,2
DA:52,0
DA:54,0
DA:55,0
DA:57,0
DA:62,2
DA:64,0
DA:72,2
DA:73,2
DA:79,0
DA:80,0
DA:85,0
DA:86,0
DA:92,2
DA:107,0
LF:23
LH:12
BRDA:35,0,0,2
BRDA:40,1,0,2
BRDA:54,2,0,0
BRDA:54,2,1,0
BRDA:97,3,0,0
BRDA:97,3,1,2
BRDA:97,4,0,2
BRDA:97,4,1,2
BRF:8
BRH:5
end_of_record
TN:
SF:C:\Users\Will\Desktop\Projetos\gostack11\bootcamp11-rocketseat\Nivel05\finalizando-gobarber-app-CTestes\src\hooks\auth.tsx
FN:43,(anonymous_0)
FN:52,(anonymous_1)
FN:54,loadStoragedData
FN:77,(anonymous_3)
FN:99,(anonymous_4)
FN:110,(anonymous_5)
FN:133,useAuth
FNF:7
FNH:1
FNDA:0,(anonymous_0)
FNDA:0,(anonymous_1)
FNDA:0,loadStoragedData
FNDA:0,(anonymous_3)
FNDA:0,(anonymous_4)
FNDA:0,(anonymous_5)
FNDA:1,useAuth
DA:39,1
DA:43,1
DA:46,0
DA:48,0
DA:52,0
DA:58,0
DA:63,0
DA:65,0
DA:67,0
DA:70,0
DA:72,0
DA:77,0
DA:78,0
DA:84,0
DA:87,0
DA:92,0
DA:96,0
DA:99,0
DA:102,0
DA:106,0
DA:109,0
DA:111,0
DA:113,0
DA:121,0
DA:134,1
DA:139,1
DA:140,0
DA:142,1
LF:28
LH:5
BRDA:63,0,0,0
BRDA:63,0,1,0
BRDA:63,1,0,0
BRDA:63,1,1,0
BRDA:139,2,0,0
BRDA:139,2,1,1
BRF:6
BRH:1
end_of_record
TN:
SF:C:\Users\Will\Desktop\Projetos\gostack11\bootcamp11-rocketseat\Nivel05\finalizando-gobarber-app-CTestes\src\pages\AppointmentCreated\index.tsx
FN:19,(anonymous_0)
FN:29,(anonymous_1)
FN:39,(anonymous_2)
FNF:3
FNH:0
FNDA:0,(anonymous_0)
FNDA:0,(anonymous_1)
FNDA:0,(anonymous_2)
DA:19,0
DA:21,0
DA:24,0
DA:27,0
DA:29,0
DA:31,0
DA:39,0
DA:40,0
DA:47,0
LF:9
LH:0
BRF:0
BRH:0
end_of_record
TN:
SF:C:\Users\Will\Desktop\Projetos\gostack11\bootcamp11-rocketseat\Nivel05\finalizando-gobarber-app-CTestes\src\pages\CreateAppointment\index.tsx
FN:51,(anonymous_0)
FN:76,(anonymous_1)
FN:78,(anonymous_2)
FN:83,(anonymous_3)
FN:92,(anonymous_4)
FN:97,(anonymous_5)
FN:102,(anonymous_6)
FN:107,(anonymous_7)
FN:109,(anonymous_8)
FN:114,(anonymous_9)
FN:127,(anonymous_10)
FN:153,(anonymous_11)
FN:155,(anonymous_12)
FN:156,(anonymous_13)
FN:166,(anonymous_14)
FN:168,(anonymous_15)
FN:169,(anonymous_16)
FN:178,(anonymous_17)
FN:200,(anonymous_18)
FN:201,(anonymous_19)
FN:203,(anonymous_20)
FN:242,(anonymous_21)
FN:248,(anonymous_22)
FN:263,(anonymous_23)
FN:269,(anonymous_24)
FNF:25
FNH:0
FNDA:0,(anonymous_0)
FNDA:0,(anonymous_1)
FNDA:0,(anonymous_2)
FNDA:0,(anonymous_3)
FNDA:0,(anonymous_4)
FNDA:0,(anonymous_5)
FNDA:0,(anonymous_6)
FNDA:0,(anonymous_7)
FNDA:0,(anonymous_8)
FNDA:0,(anonymous_9)
FNDA:0,(anonymous_10)
FNDA:0,(anonymous_11)
FNDA:0,(anonymous_12)
FNDA:0,(anonymous_13)
FNDA:0,(anonymous_14)
FNDA:0,(anonymous_15)
FNDA:0,(anonymous_16)
FNDA:0,(anonymous_17)
FNDA:0,(anonymous_18)
FNDA:0,(anonymous_19)
FNDA:0,(anonymous_20)
FNDA:0,(anonymous_21)
FNDA:0,(anonymous_22)
FNDA:0,(anonymous_23)
FNDA:0,(anonymous_24)
DA:51,0
DA:52,0
DA:54,0
DA:55,0
DA:58,0
DA:60,0
DA:62,0
DA:65,0
DA:68,0
DA:70,0
DA:72,0
DA:76,0
DA:78,0
DA:79,0
DA:83,0
DA:84,0
DA:93,0
DA:97,0
DA:98,0
DA:102,0
DA:103,0
DA:107,0
DA:109,0
DA:113,0
DA:115,0
DA:116,0
DA:118,0
DA:120,0
DA:127,0
DA:128,0
DA:130,0
DA:133,0
DA:134,0
DA:137,0
DA:141,0
DA:143,0
DA:145,0
DA:153,0
DA:154,0
DA:155,0
DA:157,0
DA:166,0
DA:167,0
DA:168,0
DA:170,0
DA:178,0
DA:179,0
DA:182,0
DA:200,0
DA:202,0
DA:203,0
DA:243,0
DA:248,0
DA:264,0
DA:269,0
LF:55
LH:0
BRDA:115,0,0,0
BRDA:115,0,1,0
BRDA:118,1,0,0
BRDA:118,1,1,0
BRDA:225,2,0,0
BRDA:225,2,1,0
BRF:6
BRH:0
end_of_record
TN:
SF:C:\Users\Will\Desktop\Projetos\gostack11\bootcamp11-rocketseat\Nivel05\finalizando-gobarber-app-CTestes\src\pages\Dashboard\index.tsx
FN:31,(anonymous_0)
FN:37,(anonymous_1)
FN:39,(anonymous_2)
FN:44,(anonymous_3)
FN:51,(anonymous_4)
FN:73,(anonymous_5)
FN:77,(anonymous_6)
FN:79,(anonymous_7)
FNF:8
FNH:0
FNDA:0,(anonymous_0)
FNDA:0,(anonymous_1)
FNDA:0,(anonymous_2)
FNDA:0,(anonymous_3)
FNDA:0,(anonymous_4)
FNDA:0,(anonymous_5)
FNDA:0,(anonymous_6)
FNDA:0,(anonymous_7)
DA:31,0
DA:32,0
DA:34,0
DA:35,0
DA:37,0
DA:39,0
DA:40,0
DA:44,0
DA:46,0
DA:50,0
DA:53,0
DA:58,0
DA:73,0
DA:78,0
DA:79,0
LF:15
LH:0
BRF:0
BRH:0
end_of_record
TN:
SF:C:\Users\Will\Desktop\Projetos\gostack11\bootcamp11-rocketseat\Nivel05\finalizando-gobarber-app-CTestes\src\pages\Profile\index.tsx
FN:30,(anonymous_0)
FN:52,(anonymous_1)
FN:65,(anonymous_2)
FN:71,(anonymous_3)
FN:126,(anonymous_4)
FN:134,(anonymous_5)
FN:154,(anonymous_6)
FN:157,(anonymous_7)
FN:162,(anonymous_8)
FN:192,(anonymous_9)
FN:206,(anonymous_10)
FN:220,(anonymous_11)
FN:231,(anonymous_12)
FN:242,(anonymous_13)
FN:245,(anonymous_14)
FNF:15
FNH:0
FNDA:0,(anonymous_0)
FNDA:0,(anonymous_1)
FNDA:0,(anonymous_2)
FNDA:0,(anonymous_3)
FNDA:0,(anonymous_4)
FNDA:0,(anonymous_5)
FNDA:0,(anonymous_6)
FNDA:0,(anonymous_7)
FNDA:0,(anonymous_8)
FNDA:0,(anonymous_9)
FNDA:0,(anonymous_10)
FNDA:0,(anonymous_11)
FNDA:0,(anonymous_12)
FNDA:0,(anonymous_13)
FNDA:0,(anonymous_14)
DA:30,0
DA:31,0
DA:39,0
DA:43,0
DA:45,0
DA:46,0
DA:47,0
DA:48,0
DA:51,0
DA:53,0
DA:55,0
DA:58,0
DA:65,0
DA:71,0
DA:79,0
DA:87,0
DA:89,0
DA:101,0
DA:103,0
DA:105,0
DA:107,0
DA:109,0
DA:112,0
DA:113,0
DA:114,0
DA:115,0
DA:117,0
DA:126,0
DA:127,0
DA:135,0
DA:136,0
DA:138,0
DA:139,0
DA:140,0
DA:141,0
DA:143,0
DA:145,0
DA:147,0
DA:152,0
DA:155,0
DA:157,0
DA:162,0
DA:163,0
DA:166,0
DA:194,0
DA:208,0
DA:220,0
DA:231,0
DA:242,0
DA:245,0
LF:50
LH:0
BRDA:92,0,0,0
BRDA:92,0,1,0
BRDA:112,1,0,0
BRDA:112,1,1,0
BRDA:135,2,0,0
BRDA:135,2,1,0
BRDA:138,3,0,0
BRDA:138,3,1,0
BRF:8
BRH:0
end_of_record
TN:
SF:C:\Users\Will\Desktop\Projetos\gostack11\bootcamp11-rocketseat\Nivel05\finalizando-gobarber-app-CTestes\src\pages\SignIn\index.tsx
FN:35,(anonymous_0)
FN:53,(anonymous_1)
FN:115,(anonymous_2)
FN:127,(anonymous_3)
FN:134,(anonymous_4)
FN:143,(anonymous_5)
FN:153,(anonymous_6)
FNF:7
FNH:1
FNDA:1,(anonymous_0)
FNDA:0,(anonymous_1)
FNDA:0,(anonymous_2)
FNDA:0,(anonymous_3)
FNDA:0,(anonymous_4)
FNDA:0,(anonymous_5)
FNDA:0,(anonymous_6)
DA:35,1
DA:42,1
DA:45,1
DA:47,1
DA:49,1
DA:50,1
DA:53,1
DA:54,0
DA:56,0
DA:59,0
DA:66,0
DA:68,0
DA:74,0
DA:75,0
DA:76,0
DA:77,0
DA:81,0
DA:88,1
DA:117,0
DA:129,0
DA:135,0
DA:144,0
DA:153,0
LF:23
LH:8
BRDA:74,0,0,0
BRDA:74,0,1,0
BRDA:92,1,0,1
BRDA:92,1,1,0
BRF:4
BRH:1
end_of_record
TN:
SF:C:\Users\Will\Desktop\Projetos\gostack11\bootcamp11-rocketseat\Nivel05\finalizando-gobarber-app-CTestes\src\pages\SignUp\index.tsx
FN:29,(anonymous_0)
FN:47,(anonymous_1)
FN:112,(anonymous_2)
FN:126,(anonymous_3)
FN:139,(anonymous_4)
FN:142,(anonymous_5)
FN:150,(anonymous_6)
FNF:7
FNH:0
FNDA:0,(anonymous_0)
FNDA:0,(anonymous_1)
FNDA:0,(anonymous_2)
FNDA:0,(anonymous_3)
FNDA:0,(anonymous_4)
FNDA:0,(anonymous_5)
FNDA:0,(anonymous_6)
DA:29,0
DA:36,0
DA:40,0
DA:42,0
DA:43,0
DA:46,0
DA:48,0
DA:50,0
DA:53,0
DA:61,0
DA:63,0
DA:64,0
DA:65,0
DA:70,0
DA:73,0
DA:74,0
DA:75,0
DA:76,0
DA:78,0
DA:87,0
DA:114,0
DA:128,0
DA:139,0
DA:142,0
DA:150,0
LF:25
LH:0
BRDA:73,0,0,0
BRDA:73,0,1,0
BRDA:91,1,0,0
BRDA:91,1,1,0
BRF:4
BRH:0
end_of_record
